2023-06-23 12:18:20,816 [main] INFO  [com.zhy.MyBlogApplication] - Starting MyBlogApplication v0.0.1-SNAPSHOT on DESKTOP-MQLLDH7 with PID 16788 (C:\Users\33135\Desktop\MyBlog\target\myblog.jar started by administration in C:\Users\33135\Desktop\MyBlog\target)
2023-06-23 12:18:20,821 [main] INFO  [com.zhy.MyBlogApplication] - The following profiles are active: dev
2023-06-23 12:18:20,893 [main] INFO  [org.springframework.boot.web.servlet.context.AnnotationConfigServletWebServerApplicationContext] - Refreshing org.springframework.boot.web.servlet.context.AnnotationConfigServletWebServerApplicationContext@e580929: startup date [Fri Jun 23 12:18:20 CST 2023]; root of context hierarchy
2023-06-23 12:18:21,940 [main] INFO  [org.springframework.data.repository.config.RepositoryConfigurationDelegate] - Multiple Spring Data modules found, entering strict repository configuration mode!
2023-06-23 12:18:22,394 [main] INFO  [org.springframework.context.support.PostProcessorRegistrationDelegate$BeanPostProcessorChecker] - Bean 'org.springframework.transaction.annotation.ProxyTransactionManagementConfiguration' of type [org.springframework.transaction.annotation.ProxyTransactionManagementConfiguration$$EnhancerBySpringCGLIB$$a18cb91c] is not eligible for getting processed by all BeanPostProcessors (for example: not eligible for auto-proxying)
2023-06-23 12:18:22,554 [main] INFO  [org.springframework.context.support.PostProcessorRegistrationDelegate$BeanPostProcessorChecker] - Bean 'org.springframework.security.config.annotation.configuration.ObjectPostProcessorConfiguration' of type [org.springframework.security.config.annotation.configuration.ObjectPostProcessorConfiguration$$EnhancerBySpringCGLIB$$3a3a8156] is not eligible for getting processed by all BeanPostProcessors (for example: not eligible for auto-proxying)
2023-06-23 12:18:22,563 [main] INFO  [org.springframework.context.support.PostProcessorRegistrationDelegate$BeanPostProcessorChecker] - Bean 'objectPostProcessor' of type [org.springframework.security.config.annotation.configuration.AutowireBeanFactoryObjectPostProcessor] is not eligible for getting processed by all BeanPostProcessors (for example: not eligible for auto-proxying)
2023-06-23 12:18:22,568 [main] INFO  [org.springframework.context.support.PostProcessorRegistrationDelegate$BeanPostProcessorChecker] - Bean 'org.springframework.security.access.expression.method.DefaultMethodSecurityExpressionHandler@38e79ae3' of type [org.springframework.security.access.expression.method.DefaultMethodSecurityExpressionHandler] is not eligible for getting processed by all BeanPostProcessors (for example: not eligible for auto-proxying)
2023-06-23 12:18:22,573 [main] INFO  [org.springframework.context.support.PostProcessorRegistrationDelegate$BeanPostProcessorChecker] - Bean 'org.springframework.security.config.annotation.method.configuration.GlobalMethodSecurityConfiguration' of type [org.springframework.security.config.annotation.method.configuration.GlobalMethodSecurityConfiguration$$EnhancerBySpringCGLIB$$5f0f2408] is not eligible for getting processed by all BeanPostProcessors (for example: not eligible for auto-proxying)
2023-06-23 12:18:22,671 [main] INFO  [org.springframework.context.support.PostProcessorRegistrationDelegate$BeanPostProcessorChecker] - Bean 'methodSecurityMetadataSource' of type [org.springframework.security.access.method.DelegatingMethodSecurityMetadataSource] is not eligible for getting processed by all BeanPostProcessors (for example: not eligible for auto-proxying)
2023-06-23 12:18:22,692 [main] INFO  [org.springframework.context.support.PostProcessorRegistrationDelegate$BeanPostProcessorChecker] - Bean 'org.springframework.cache.annotation.ProxyCachingConfiguration' of type [org.springframework.cache.annotation.ProxyCachingConfiguration$$EnhancerBySpringCGLIB$$ea9eef3a] is not eligible for getting processed by all BeanPostProcessors (for example: not eligible for auto-proxying)
2023-06-23 12:18:23,206 [main] INFO  [org.springframework.boot.web.embedded.tomcat.TomcatWebServer] - Tomcat initialized with port(s): 80 (http)
2023-06-23 12:18:23,222 [main] INFO  [org.apache.coyote.http11.Http11NioProtocol] - Initializing ProtocolHandler ["http-nio-80"]
2023-06-23 12:18:23,232 [main] INFO  [org.apache.catalina.core.StandardService] - Starting service [Tomcat]
2023-06-23 12:18:23,233 [main] INFO  [org.apache.catalina.core.StandardEngine] - Starting Servlet Engine: Apache Tomcat/8.5.28
2023-06-23 12:18:23,244 [localhost-startStop-1] INFO  [org.apache.catalina.core.AprLifecycleListener] - The APR based Apache Tomcat Native library which allows optimal performance in production environments was not found on the java.library.path: [C:\Program Files (x86)\Common Files\Oracle\Java\javapath;C:\Windows\Sun\Java\bin;C:\Windows\system32;C:\Windows;C:\Program Files (x86)\Common Files\Oracle\Java\javapath;D:\Python\develop\Scripts\;D:\Python\develop\;C:\Program Files (x86)\VMware\VMware Workstation\bin\;C:\Windows\system32;C:\Windows;C:\Windows\System32\Wbem;C:\Windows\System32\WindowsPowerShell\v1.0\;C:\Windows\System32\OpenSSH\;C:\Program Files\Microsoft SQL Server\110\Tools\Binn\;C:\Program Files (x86)\Microsoft SQL Server\110\Tools\Binn\;C:\Program Files\Microsoft SQL Server\110\DTS\Binn\;C:\Program Files (x86)\Microsoft SQL Server\110\Tools\Binn\ManagementStudio\;C:\Program Files (x86)\Microsoft Visual Studio 10.0\Common7\IDE\PrivateAssemblies\;C:\Program Files (x86)\Microsoft SQL Server\110\DTS\Binn\;C:\Program Files\Azure Data Studio\bin;C:\Program Files (x86)\Microsoft SQL Server\160\DTS\Binn\;D:\GitTools\Git\cmd;C:\Users\33135\AppData\Local\Microsoft\WindowsApps;D:\Java\Tools\JDK\JDK11\bin;C:\Users\33135\Downloads\Microsoft VS Code\bin;D:\Python\Pycharm\PyCharm Community Edition 2023.1\bin;D:\Java\apache\apache-maven-3.9.1\bin;.]
2023-06-23 12:18:23,882 [localhost-startStop-1] INFO  [org.apache.catalina.core.ContainerBase.[Tomcat].[localhost].[/]] - Initializing Spring embedded WebApplicationContext
2023-06-23 12:18:23,883 [localhost-startStop-1] INFO  [org.springframework.web.context.ContextLoader] - Root WebApplicationContext: initialization completed in 2994 ms
2023-06-23 12:18:23,911 [localhost-startStop-1] INFO  [com.zhy.config.DruidDataSourceConfig] - init Druid Servlet Configuration 
2023-06-23 12:18:24,145 [localhost-startStop-1] INFO  [org.springframework.boot.web.servlet.FilterRegistrationBean] - Mapping filter: 'characterEncodingFilter' to: [/*]
2023-06-23 12:18:24,146 [localhost-startStop-1] INFO  [org.springframework.boot.web.servlet.DelegatingFilterProxyRegistrationBean] - Mapping filter: 'springSecurityFilterChain' to: [/*]
2023-06-23 12:18:24,147 [localhost-startStop-1] INFO  [org.springframework.boot.web.servlet.FilterRegistrationBean] - Mapping filter: 'webStatFilter' to urls: [/*]
2023-06-23 12:18:24,147 [localhost-startStop-1] INFO  [org.springframework.boot.web.servlet.ServletRegistrationBean] - Servlet statViewServlet mapped to [/druid/*]
2023-06-23 12:18:24,149 [localhost-startStop-1] INFO  [org.springframework.boot.web.servlet.ServletRegistrationBean] - Servlet dispatcherServlet mapped to [/]
2023-06-23 12:18:26,063 [main] INFO  [org.springframework.web.servlet.mvc.method.annotation.RequestMappingHandlerMapping] - Mapped "{[/],methods=[GET]}" onto public java.lang.String com.zhy.controller.BackControl.index(javax.servlet.http.HttpServletRequest,javax.servlet.http.HttpServletResponse)
2023-06-23 12:18:26,065 [main] INFO  [org.springframework.web.servlet.mvc.method.annotation.RequestMappingHandlerMapping] - Mapped "{[/register],methods=[GET]}" onto public java.lang.String com.zhy.controller.BackControl.register()
2023-06-23 12:18:26,066 [main] INFO  [org.springframework.web.servlet.mvc.method.annotation.RequestMappingHandlerMapping] - Mapped "{[/update],methods=[GET]}" onto public java.lang.String com.zhy.controller.BackControl.update(javax.servlet.http.HttpServletRequest)
2023-06-23 12:18:26,067 [main] INFO  [org.springframework.web.servlet.mvc.method.annotation.RequestMappingHandlerMapping] - Mapped "{[/editor],methods=[GET]}" onto public java.lang.String com.zhy.controller.BackControl.editor(javax.servlet.http.HttpServletRequest)
2023-06-23 12:18:26,068 [main] INFO  [org.springframework.web.servlet.mvc.method.annotation.RequestMappingHandlerMapping] - Mapped "{[/archives],methods=[GET]}" onto public java.lang.String com.zhy.controller.BackControl.archives(javax.servlet.http.HttpServletResponse,javax.servlet.http.HttpServletRequest)
2023-06-23 12:18:26,068 [main] INFO  [org.springframework.web.servlet.mvc.method.annotation.RequestMappingHandlerMapping] - Mapped "{[/categories],methods=[GET]}" onto public java.lang.String com.zhy.controller.BackControl.categories(javax.servlet.http.HttpServletResponse,javax.servlet.http.HttpServletRequest)
2023-06-23 12:18:26,069 [main] INFO  [org.springframework.web.servlet.mvc.method.annotation.RequestMappingHandlerMapping] - Mapped "{[/tags],methods=[GET]}" onto public java.lang.String com.zhy.controller.BackControl.tags(javax.servlet.http.HttpServletResponse,javax.servlet.http.HttpServletRequest)
2023-06-23 12:18:26,069 [main] INFO  [org.springframework.web.servlet.mvc.method.annotation.RequestMappingHandlerMapping] - Mapped "{[/login],methods=[GET]}" onto public java.lang.String com.zhy.controller.BackControl.login()
2023-06-23 12:18:26,069 [main] INFO  [org.springframework.web.servlet.mvc.method.annotation.RequestMappingHandlerMapping] - Mapped "{[/superadmin],methods=[GET]}" onto public java.lang.String com.zhy.controller.BackControl.superadmin(javax.servlet.http.HttpServletRequest)
2023-06-23 12:18:26,069 [main] INFO  [org.springframework.web.servlet.mvc.method.annotation.RequestMappingHandlerMapping] - Mapped "{[/mylove],methods=[GET]}" onto public java.lang.String com.zhy.controller.BackControl.myLove()
2023-06-23 12:18:26,070 [main] INFO  [org.springframework.web.servlet.mvc.method.annotation.RequestMappingHandlerMapping] - Mapped "{[/mystory],methods=[GET]}" onto public java.lang.String com.zhy.controller.BackControl.mystory(javax.servlet.http.HttpServletRequest)
2023-06-23 12:18:26,071 [main] INFO  [org.springframework.web.servlet.mvc.method.annotation.RequestMappingHandlerMapping] - Mapped "{[/aboutme],methods=[GET]}" onto public java.lang.String com.zhy.controller.BackControl.aboutme(javax.servlet.http.HttpServletRequest)
2023-06-23 12:18:26,072 [main] INFO  [org.springframework.web.servlet.mvc.method.annotation.RequestMappingHandlerMapping] - Mapped "{[/friendlylink],methods=[GET]}" onto public java.lang.String com.zhy.controller.BackControl.friendlylink(javax.servlet.http.HttpServletRequest)
2023-06-23 12:18:26,075 [main] INFO  [org.springframework.web.servlet.mvc.method.annotation.RequestMappingHandlerMapping] - Mapped "{[/ali],methods=[GET]}" onto public java.lang.String com.zhy.controller.BackControl.ali()
2023-06-23 12:18:26,078 [main] INFO  [org.springframework.web.servlet.mvc.method.annotation.RequestMappingHandlerMapping] - Mapped "{[/article/{articleId}],methods=[GET]}" onto public java.lang.String com.zhy.controller.BackControl.show(long,javax.servlet.http.HttpServletResponse,org.springframework.ui.Model,javax.servlet.http.HttpServletRequest)
2023-06-23 12:18:26,079 [main] INFO  [org.springframework.web.servlet.mvc.method.annotation.RequestMappingHandlerMapping] - Mapped "{[/myheart],methods=[GET]}" onto public java.lang.String com.zhy.controller.BackControl.myheart()
2023-06-23 12:18:26,080 [main] INFO  [org.springframework.web.servlet.mvc.method.annotation.RequestMappingHandlerMapping] - Mapped "{[/today],methods=[GET]}" onto public java.lang.String com.zhy.controller.BackControl.today()
2023-06-23 12:18:26,080 [main] INFO  [org.springframework.web.servlet.mvc.method.annotation.RequestMappingHandlerMapping] - Mapped "{[/toLogin],methods=[GET]}" onto public void com.zhy.controller.BackControl.toLogin(javax.servlet.http.HttpServletRequest)
2023-06-23 12:18:26,081 [main] INFO  [org.springframework.web.servlet.mvc.method.annotation.RequestMappingHandlerMapping] - Mapped "{[/reward],methods=[GET]}" onto public java.lang.String com.zhy.controller.BackControl.reward(javax.servlet.http.HttpServletRequest)
2023-06-23 12:18:26,081 [main] INFO  [org.springframework.web.servlet.mvc.method.annotation.RequestMappingHandlerMapping] - Mapped "{[/user],methods=[GET]}" onto public java.lang.String com.zhy.controller.BackControl.user(javax.servlet.http.HttpServletRequest)
2023-06-23 12:18:26,083 [main] INFO  [org.springframework.web.servlet.mvc.method.annotation.RequestMappingHandlerMapping] - Mapped "{[/getFriendLinkInfo],methods=[POST],produces=[application/json;charset=UTF-8]}" onto public java.lang.String com.zhy.controller.FriendlyLinkControl.getFriendLink()
2023-06-23 12:18:26,085 [main] INFO  [org.springframework.web.servlet.mvc.method.annotation.RequestMappingHandlerMapping] - Mapped "{[/addLeaveMessageLike],methods=[GET],produces=[application/json;charset=UTF-8]}" onto public java.lang.String com.zhy.controller.LeaveMessageControl.addLeaveMessageLike(java.lang.String,java.lang.String,java.security.Principal)
2023-06-23 12:18:26,087 [main] INFO  [org.springframework.web.servlet.mvc.method.annotation.RequestMappingHandlerMapping] - Mapped "{[/publishLeaveMessage],methods=[POST],produces=[application/json;charset=UTF-8]}" onto public java.lang.String com.zhy.controller.LeaveMessageControl.publishLeaveMessage(java.lang.String,java.lang.String,java.security.Principal)
2023-06-23 12:18:26,089 [main] INFO  [org.springframework.web.servlet.mvc.method.annotation.RequestMappingHandlerMapping] - Mapped "{[/publishLeaveMessageReply],methods=[POST],produces=[application/json;charset=UTF-8]}" onto public java.lang.String com.zhy.controller.LeaveMessageControl.publishLeaveMessageReply(com.zhy.model.LeaveMessage,java.lang.String,java.lang.String,java.security.Principal)
2023-06-23 12:18:26,092 [main] INFO  [org.springframework.web.servlet.mvc.method.annotation.RequestMappingHandlerMapping] - Mapped "{[/getPageLeaveMessage],methods=[GET],produces=[application/json;charset=UTF-8]}" onto public java.lang.String com.zhy.controller.LeaveMessageControl.getPageLeaveMessage(java.lang.String,java.security.Principal)
2023-06-23 12:18:26,097 [main] INFO  [org.springframework.web.servlet.mvc.method.annotation.RequestMappingHandlerMapping] - Mapped "{[/getTodayInfo],methods=[POST],produces=[application/json;charset=UTF-8]}" onto public java.lang.String com.zhy.controller.TodayControl.getTodayInfo(int,int)
2023-06-23 12:18:26,098 [main] INFO  [org.springframework.web.servlet.mvc.method.annotation.RequestMappingHandlerMapping] - Mapped "{[/commitTodayWords],methods=[POST],produces=[application/json;charset=UTF-8]}" onto public java.lang.String com.zhy.controller.TodayControl.publishISay(com.zhy.model.DailySpeech,javax.servlet.http.HttpServletRequest)
2023-06-23 12:18:26,099 [main] INFO  [org.springframework.web.servlet.mvc.method.annotation.RequestMappingHandlerMapping] - Mapped "{[/findArchiveNameAndArticleNum],methods=[GET],produces=[application/json;charset=UTF-8]}" onto public java.lang.String com.zhy.controller.ArchivesControl.findArchiveNameAndArticleNum()
2023-06-23 12:18:26,099 [main] INFO  [org.springframework.web.servlet.mvc.method.annotation.RequestMappingHandlerMapping] - Mapped "{[/getArchiveArticle],methods=[GET],produces=[application/json;charset=UTF-8]}" onto public java.lang.String com.zhy.controller.ArchivesControl.getArchiveArticle(java.lang.String,int,int)
2023-06-23 12:18:26,100 [main] INFO  [org.springframework.web.servlet.mvc.method.annotation.RequestMappingHandlerMapping] - Mapped "{[/getDraftArticle],methods=[GET],produces=[application/json;charset=UTF-8]}" onto public java.lang.String com.zhy.controller.EditorControl.getDraftArticle(javax.servlet.http.HttpServletRequest)
2023-06-23 12:18:26,101 [main] INFO  [org.springframework.web.servlet.mvc.method.annotation.RequestMappingHandlerMapping] - Mapped "{[/uploadImage]}" onto public java.util.Map<java.lang.String, java.lang.Object> com.zhy.controller.EditorControl.uploadImage(javax.servlet.http.HttpServletRequest,javax.servlet.http.HttpServletResponse,org.springframework.web.multipart.MultipartFile)
2023-06-23 12:18:26,101 [main] INFO  [org.springframework.web.servlet.mvc.method.annotation.RequestMappingHandlerMapping] - Mapped "{[/publishArticle],methods=[POST],produces=[application/json;charset=UTF-8]}" onto public java.lang.String com.zhy.controller.EditorControl.publishArticle(java.security.Principal,com.zhy.model.Article,java.lang.String,javax.servlet.http.HttpServletRequest)
2023-06-23 12:18:26,101 [main] INFO  [org.springframework.web.servlet.mvc.method.annotation.RequestMappingHandlerMapping] - Mapped "{[/canYouWrite],methods=[GET],produces=[application/json;charset=UTF-8]}" onto public java.lang.String com.zhy.controller.EditorControl.canYouWrite(java.security.Principal)
2023-06-23 12:18:26,103 [main] INFO  [org.springframework.web.servlet.mvc.method.annotation.RequestMappingHandlerMapping] - Mapped "{[/findCategoriesName],methods=[GET],produces=[application/json;charset=UTF-8]}" onto public java.lang.String com.zhy.controller.EditorControl.findCategoriesName()
2023-06-23 12:18:26,109 [main] INFO  [org.springframework.web.servlet.mvc.method.annotation.RequestMappingHandlerMapping] - Mapped "{[/getCode],methods=[POST],produces=[application/json;charset=UTF-8]}" onto public java.lang.String com.zhy.controller.GetPhoneCodeControl.getAuthCode(java.lang.String,java.lang.String)
2023-06-23 12:18:26,110 [main] INFO  [org.springframework.web.servlet.mvc.method.annotation.RequestMappingHandlerMapping] - Mapped "{[/getTagArticle],methods=[POST],produces=[application/json;charset=UTF-8]}" onto public java.lang.String com.zhy.controller.TagsControl.getTagArticle(java.lang.String,int,int)
2023-06-23 12:18:26,111 [main] INFO  [org.springframework.web.servlet.mvc.method.annotation.RequestMappingHandlerMapping] - Mapped "{[/addArticleLike],methods=[GET],produces=[application/json;charset=UTF-8]}" onto public java.lang.String com.zhy.controller.ShowArticleControl.addArticleLike(java.lang.String,java.security.Principal)
2023-06-23 12:18:26,112 [main] INFO  [org.springframework.web.servlet.mvc.method.annotation.RequestMappingHandlerMapping] - Mapped "{[/getArticleByArticleId],methods=[POST],produces=[application/json;charset=UTF-8]}" onto public java.lang.String com.zhy.controller.ShowArticleControl.getArticleById(java.lang.String,java.security.Principal)
2023-06-23 12:18:26,113 [main] INFO  [org.springframework.web.servlet.mvc.method.annotation.RequestMappingHandlerMapping] - Mapped "{[/getCategoryArticle],methods=[GET],produces=[application/json;charset=UTF-8]}" onto public java.lang.String com.zhy.controller.CategoriesControl.getCategoryArticle(java.lang.String,int,int)
2023-06-23 12:18:26,113 [main] INFO  [org.springframework.web.servlet.mvc.method.annotation.RequestMappingHandlerMapping] - Mapped "{[/findCategoriesNameAndArticleNum],methods=[GET],produces=[application/json;charset=UTF-8]}" onto public java.lang.String com.zhy.controller.CategoriesControl.findCategoriesNameAndArticleNum()
2023-06-23 12:18:26,114 [main] INFO  [org.springframework.web.servlet.mvc.method.annotation.RequestMappingHandlerMapping] - Mapped "{[/403],methods=[GET]}" onto public java.lang.String com.zhy.controller.ErrorPageControl.error403()
2023-06-23 12:18:26,115 [main] INFO  [org.springframework.web.servlet.mvc.method.annotation.RequestMappingHandlerMapping] - Mapped "{[/404],methods=[GET]}" onto public java.lang.String com.zhy.controller.ErrorPageControl.error404()
2023-06-23 12:18:26,117 [main] INFO  [org.springframework.web.servlet.mvc.method.annotation.RequestMappingHandlerMapping] - Mapped "{[/findTagsCloud],methods=[GET],produces=[application/json;charset=UTF-8]}" onto public java.lang.String com.zhy.controller.IndexControl.findTagsCloud()
2023-06-23 12:18:26,118 [main] INFO  [org.springframework.web.servlet.mvc.method.annotation.RequestMappingHandlerMapping] - Mapped "{[/newComment],methods=[GET],produces=[application/json;charset=UTF-8]}" onto public java.lang.String com.zhy.controller.IndexControl.newComment(int,int)
2023-06-23 12:18:26,121 [main] INFO  [org.springframework.web.servlet.mvc.method.annotation.RequestMappingHandlerMapping] - Mapped "{[/submitFeedback],methods=[POST],produces=[application/json;charset=UTF-8]}" onto public java.lang.String com.zhy.controller.IndexControl.submitFeedback(com.zhy.model.FeedBack,java.security.Principal)
2023-06-23 12:18:26,121 [main] INFO  [org.springframework.web.servlet.mvc.method.annotation.RequestMappingHandlerMapping] - Mapped "{[/newLeaveWord],methods=[GET],produces=[application/json;charset=UTF-8]}" onto public java.lang.String com.zhy.controller.IndexControl.newLeaveWord(int,int)
2023-06-23 12:18:26,122 [main] INFO  [org.springframework.web.servlet.mvc.method.annotation.RequestMappingHandlerMapping] - Mapped "{[/myArticles],methods=[POST],produces=[application/json;charset=UTF-8]}" onto public java.lang.String com.zhy.controller.IndexControl.myArticles(int,int)
2023-06-23 12:18:26,122 [main] INFO  [org.springframework.web.servlet.mvc.method.annotation.RequestMappingHandlerMapping] - Mapped "{[/getSiteInfo],methods=[GET],produces=[application/json;charset=UTF-8]}" onto public java.lang.String com.zhy.controller.IndexControl.getSiteInfo()
2023-06-23 12:18:26,123 [main] INFO  [org.springframework.web.servlet.mvc.method.annotation.RequestMappingHandlerMapping] - Mapped "{[/getVisitorNumByPageName],methods=[GET],produces=[application/json;charset=UTF-8]}" onto public java.lang.String com.zhy.controller.IndexControl.getVisitorNumByPageName(javax.servlet.http.HttpServletRequest,java.lang.String)
2023-06-23 12:18:26,123 [main] INFO  [org.springframework.web.servlet.mvc.method.annotation.RequestMappingHandlerMapping] - Mapped "{[/findArchivesCategoriesTagsNum],methods=[GET],produces=[application/json;charset=UTF-8]}" onto public java.lang.String com.zhy.controller.IndexControl.findArchivesCategoriesTagsNum()
2023-06-23 12:18:26,124 [main] INFO  [org.springframework.web.servlet.mvc.method.annotation.RequestMappingHandlerMapping] - Mapped "{[/getMyStory],methods=[GET],produces=[application/json;charset=UTF-8]}" onto public java.lang.String com.zhy.controller.MyStoryControl.getMyStory(int,int)
2023-06-23 12:18:26,124 [main] INFO  [org.springframework.web.servlet.mvc.method.annotation.RequestMappingHandlerMapping] - Mapped "{[/getRewardInfo],methods=[POST],produces=[application/json;charset=UTF-8]}" onto public java.lang.String com.zhy.controller.RewardControl.getRewardInfo()
2023-06-23 12:18:26,129 [main] INFO  [org.springframework.web.servlet.mvc.method.annotation.RequestMappingHandlerMapping] - Mapped "{[/getUserComment],methods=[POST],produces=[application/json;charset=UTF-8]}" onto public java.lang.String com.zhy.controller.UserControl.getUserComment(int,int,java.security.Principal)
2023-06-23 12:18:26,130 [main] INFO  [org.springframework.web.servlet.mvc.method.annotation.RequestMappingHandlerMapping] - Mapped "{[/getUserNews],methods=[POST],produces=[application/json;charset=UTF-8]}" onto public java.lang.String com.zhy.controller.UserControl.getUserNews(java.security.Principal)
2023-06-23 12:18:26,130 [main] INFO  [org.springframework.web.servlet.mvc.method.annotation.RequestMappingHandlerMapping] - Mapped "{[/sendPrivateWord],methods=[POST],produces=[application/json;charset=UTF-8]}" onto public java.lang.String com.zhy.controller.UserControl.sendPrivateWord(java.lang.String,java.security.Principal)
2023-06-23 12:18:26,130 [main] INFO  [org.springframework.web.servlet.mvc.method.annotation.RequestMappingHandlerMapping] - Mapped "{[/readAllMsg],methods=[GET],produces=[application/json;charset=UTF-8]}" onto public java.lang.String com.zhy.controller.UserControl.readAllMsg(int,java.security.Principal)
2023-06-23 12:18:26,131 [main] INFO  [org.springframework.web.servlet.mvc.method.annotation.RequestMappingHandlerMapping] - Mapped "{[/uploadHead],methods=[POST],produces=[application/json;charset=UTF-8]}" onto public java.lang.String com.zhy.controller.UserControl.uploadHead(javax.servlet.http.HttpServletRequest,java.security.Principal)
2023-06-23 12:18:26,131 [main] INFO  [org.springframework.web.servlet.mvc.method.annotation.RequestMappingHandlerMapping] - Mapped "{[/savePersonalDate],methods=[POST],produces=[application/json;charset=UTF-8]}" onto public java.lang.String com.zhy.controller.UserControl.savePersonalDate(com.zhy.model.User,java.security.Principal)
2023-06-23 12:18:26,131 [main] INFO  [org.springframework.web.servlet.mvc.method.annotation.RequestMappingHandlerMapping] - Mapped "{[/readThisMsg],methods=[GET],produces=[application/json;charset=UTF-8]}" onto public java.lang.String com.zhy.controller.UserControl.readThisMsg(int,int,java.security.Principal)
2023-06-23 12:18:26,131 [main] INFO  [org.springframework.web.servlet.mvc.method.annotation.RequestMappingHandlerMapping] - Mapped "{[/getPrivateWordByPublisher],methods=[POST],produces=[application/json;charset=UTF-8]}" onto public java.lang.String com.zhy.controller.UserControl.getPrivateWordByPublisher(int,int,java.security.Principal)
2023-06-23 12:18:26,132 [main] INFO  [org.springframework.web.servlet.mvc.method.annotation.RequestMappingHandlerMapping] - Mapped "{[/getUserPersonalInfo],methods=[POST],produces=[application/json;charset=UTF-8]}" onto public java.lang.String com.zhy.controller.UserControl.getUserPersonalInfo(java.security.Principal)
2023-06-23 12:18:26,132 [main] INFO  [org.springframework.web.servlet.mvc.method.annotation.RequestMappingHandlerMapping] - Mapped "{[/getUserLeaveWord],methods=[POST],produces=[application/json;charset=UTF-8]}" onto public java.lang.String com.zhy.controller.UserControl.getUserLeaveMessage(int,int,java.security.Principal)
2023-06-23 12:18:26,134 [main] INFO  [org.springframework.web.servlet.mvc.method.annotation.RequestMappingHandlerMapping] - Mapped "{[/addCommentLike],methods=[GET],produces=[application/json;charset=UTF-8]}" onto public java.lang.String com.zhy.controller.CommentControl.addCommentLike(java.lang.String,java.lang.String,java.security.Principal)
2023-06-23 12:18:26,137 [main] INFO  [org.springframework.web.servlet.mvc.method.annotation.RequestMappingHandlerMapping] - Mapped "{[/publishReply],methods=[POST],produces=[application/json;charset=UTF-8]}" onto public java.lang.String com.zhy.controller.CommentControl.publishReply(com.zhy.model.Comment,java.lang.String,java.lang.String,java.security.Principal)
2023-06-23 12:18:26,138 [main] INFO  [org.springframework.web.servlet.mvc.method.annotation.RequestMappingHandlerMapping] - Mapped "{[/getAllComment],methods=[POST],produces=[application/json;charset=UTF-8]}" onto public java.lang.String com.zhy.controller.CommentControl.getAllComment(java.lang.Long,java.security.Principal)
2023-06-23 12:18:26,138 [main] INFO  [org.springframework.web.servlet.mvc.method.annotation.RequestMappingHandlerMapping] - Mapped "{[/publishComment],methods=[POST],produces=[application/json;charset=UTF-8]}" onto public java.lang.String com.zhy.controller.CommentControl.publishComment(com.zhy.model.Comment,java.security.Principal)
2023-06-23 12:18:26,138 [main] INFO  [org.springframework.web.servlet.mvc.method.annotation.RequestMappingHandlerMapping] - Mapped "{[/isLogin],methods=[GET],produces=[application/json;charset=UTF-8]}" onto public java.lang.String com.zhy.controller.CommentControl.isLogin()
2023-06-23 12:18:26,139 [main] INFO  [org.springframework.web.servlet.mvc.method.annotation.RequestMappingHandlerMapping] - Mapped "{[/changePassword],methods=[POST],produces=[application/json;charset=UTF-8]}" onto public java.lang.String com.zhy.controller.LoginControl.changePassword(java.lang.String,java.lang.String,java.lang.String)
2023-06-23 12:18:26,140 [main] INFO  [org.springframework.web.servlet.mvc.method.annotation.RequestMappingHandlerMapping] - Mapped "{[/register],methods=[POST],produces=[application/json;charset=UTF-8]}" onto public java.lang.String com.zhy.controller.RegisterControl.register(com.zhy.model.User,javax.servlet.http.HttpServletRequest)
2023-06-23 12:18:26,142 [main] INFO  [org.springframework.web.servlet.mvc.method.annotation.RequestMappingHandlerMapping] - Mapped "{[/getFriendLink],methods=[POST],produces=[application/json;charset=UTF-8]}" onto public java.lang.String com.zhy.controller.SuperAdminControl.getFriendLink()
2023-06-23 12:18:26,143 [main] INFO  [org.springframework.web.servlet.mvc.method.annotation.RequestMappingHandlerMapping] - Mapped "{[/deleteReward],methods=[GET],produces=[application/json;charset=UTF-8]}" onto public java.lang.String com.zhy.controller.SuperAdminControl.deleteReward(int)
2023-06-23 12:18:26,143 [main] INFO  [org.springframework.web.servlet.mvc.method.annotation.RequestMappingHandlerMapping] - Mapped "{[/deleteArticle],methods=[GET],produces=[application/json;charset=UTF-8]}" onto public java.lang.String com.zhy.controller.SuperAdminControl.deleteArticle(java.lang.String)
2023-06-23 12:18:26,144 [main] INFO  [org.springframework.web.servlet.mvc.method.annotation.RequestMappingHandlerMapping] - Mapped "{[/replyPrivateWord],methods=[POST],produces=[application/json;charset=UTF-8]}" onto public java.lang.String com.zhy.controller.SuperAdminControl.replyPrivateWord(java.security.Principal,java.lang.String,java.lang.String)
2023-06-23 12:18:26,144 [main] INFO  [org.springframework.web.servlet.mvc.method.annotation.RequestMappingHandlerMapping] - Mapped "{[/updateFriendLink],methods=[POST],produces=[application/json;charset=UTF-8]}" onto public java.lang.String com.zhy.controller.SuperAdminControl.addFriendLink(java.lang.String,java.lang.String,java.lang.String)
2023-06-23 12:18:26,144 [main] INFO  [org.springframework.web.servlet.mvc.method.annotation.RequestMappingHandlerMapping] - Mapped "{[/deleteFriendLink],methods=[POST],produces=[application/json;charset=UTF-8]}" onto public java.lang.String com.zhy.controller.SuperAdminControl.deleteFriendLink(int)
2023-06-23 12:18:26,145 [main] INFO  [org.springframework.web.servlet.mvc.method.annotation.RequestMappingHandlerMapping] - Mapped "{[/readThisThumbsUp],methods=[GET],produces=[application/json;charset=UTF-8]}" onto public java.lang.String com.zhy.controller.SuperAdminControl.readThisThumbsUp(int)
2023-06-23 12:18:26,145 [main] INFO  [org.springframework.web.servlet.mvc.method.annotation.RequestMappingHandlerMapping] - Mapped "{[/readAllThumbsUp],methods=[GET],produces=[application/json;charset=UTF-8]}" onto public java.lang.String com.zhy.controller.SuperAdminControl.readAllThumbsUp()
2023-06-23 12:18:26,145 [main] INFO  [org.springframework.web.servlet.mvc.method.annotation.RequestMappingHandlerMapping] - Mapped "{[/getAllFeedback],methods=[GET],produces=[application/json;charset=UTF-8]}" onto public java.lang.String com.zhy.controller.SuperAdminControl.getAllFeedback(int,int)
2023-06-23 12:18:26,146 [main] INFO  [org.springframework.web.servlet.mvc.method.annotation.RequestMappingHandlerMapping] - Mapped "{[/addReward],methods=[POST],produces=[application/json;charset=UTF-8]}" onto public java.lang.String com.zhy.controller.SuperAdminControl.addReward(org.springframework.web.multipart.MultipartFile,javax.servlet.http.HttpServletRequest,com.zhy.model.Reward)
2023-06-23 12:18:26,146 [main] INFO  [org.springframework.web.servlet.mvc.method.annotation.RequestMappingHandlerMapping] - Mapped "{[/updateCategory],methods=[POST],produces=[application/json;charset=UTF-8]}" onto public java.lang.String com.zhy.controller.SuperAdminControl.updateCategory(java.lang.String,int)
2023-06-23 12:18:26,146 [main] INFO  [org.springframework.web.servlet.mvc.method.annotation.RequestMappingHandlerMapping] - Mapped "{[/getArticleManagement],methods=[POST],produces=[application/json;charset=UTF-8]}" onto public java.lang.String com.zhy.controller.SuperAdminControl.getArticleManagement(int,int)
2023-06-23 12:18:26,147 [main] INFO  [org.springframework.web.servlet.mvc.method.annotation.RequestMappingHandlerMapping] - Mapped "{[/getArticleCategories],methods=[GET],produces=[application/json;charset=UTF-8]}" onto public java.lang.String com.zhy.controller.SuperAdminControl.getArticleCategories()
2023-06-23 12:18:26,147 [main] INFO  [org.springframework.web.servlet.mvc.method.annotation.RequestMappingHandlerMapping] - Mapped "{[/getArticleThumbsUp],methods=[POST],produces=[application/json;charset=UTF-8]}" onto public java.lang.String com.zhy.controller.SuperAdminControl.getArticleThumbsUp(int,int)
2023-06-23 12:18:26,147 [main] INFO  [org.springframework.web.servlet.mvc.method.annotation.RequestMappingHandlerMapping] - Mapped "{[/getAllPrivateWord],methods=[POST],produces=[application/json;charset=UTF-8]}" onto public java.lang.String com.zhy.controller.SuperAdminControl.getAllPrivateWord()
2023-06-23 12:18:26,148 [main] INFO  [org.springframework.web.servlet.mvc.method.annotation.RequestMappingHandlerMapping] - Mapped "{[/getStatisticsInfo],methods=[GET],produces=[application/json;charset=UTF-8]}" onto public java.lang.String com.zhy.controller.SuperAdminControl.getStatisticsInfo()
2023-06-23 12:18:26,163 [main] INFO  [org.springframework.web.servlet.mvc.method.annotation.RequestMappingHandlerMapping] - Mapped "{[/error]}" onto public org.springframework.http.ResponseEntity<java.util.Map<java.lang.String, java.lang.Object>> org.springframework.boot.autoconfigure.web.servlet.error.BasicErrorController.error(javax.servlet.http.HttpServletRequest)
2023-06-23 12:18:26,164 [main] INFO  [org.springframework.web.servlet.mvc.method.annotation.RequestMappingHandlerMapping] - Mapped "{[/error],produces=[text/html]}" onto public org.springframework.web.servlet.ModelAndView org.springframework.boot.autoconfigure.web.servlet.error.BasicErrorController.errorHtml(javax.servlet.http.HttpServletRequest,javax.servlet.http.HttpServletResponse)
2023-06-23 12:18:26,250 [main] INFO  [org.springframework.web.servlet.handler.SimpleUrlHandlerMapping] - Mapped URL path [/article/**] onto handler of type [class org.springframework.web.servlet.resource.ResourceHttpRequestHandler]
2023-06-23 12:18:26,250 [main] INFO  [org.springframework.web.servlet.handler.SimpleUrlHandlerMapping] - Mapped URL path [/**] onto handler of type [class org.springframework.web.servlet.resource.ResourceHttpRequestHandler]
2023-06-23 12:18:26,254 [main] INFO  [org.springframework.web.servlet.handler.SimpleUrlHandlerMapping] - Mapped URL path [/template/**] onto handler of type [class org.springframework.web.servlet.resource.ResourceHttpRequestHandler]
2023-06-23 12:18:26,359 [main] INFO  [org.springframework.web.servlet.mvc.method.annotation.RequestMappingHandlerAdapter] - Looking for @ControllerAdvice: org.springframework.boot.web.servlet.context.AnnotationConfigServletWebServerApplicationContext@e580929: startup date [Fri Jun 23 12:18:20 CST 2023]; root of context hierarchy
2023-06-23 12:18:27,545 [main] INFO  [org.springframework.security.web.DefaultSecurityFilterChain] - Creating filter chain: org.springframework.security.web.util.matcher.AnyRequestMatcher@1, [org.springframework.security.web.context.request.async.WebAsyncManagerIntegrationFilter@f667fe, org.springframework.security.web.context.SecurityContextPersistenceFilter@7fc6de5b, org.springframework.security.web.header.HeaderWriterFilter@2a8d39c4, org.springframework.security.web.authentication.logout.LogoutFilter@75f65e45, org.springframework.security.web.authentication.UsernamePasswordAuthenticationFilter@2cae1042, org.springframework.security.web.savedrequest.RequestCacheAwareFilter@607fbe09, org.springframework.security.web.servletapi.SecurityContextHolderAwareRequestFilter@5dd91bca, org.springframework.security.web.authentication.AnonymousAuthenticationFilter@788fcafb, org.springframework.security.web.session.SessionManagementFilter@72758afa, org.springframework.security.web.access.ExceptionTranslationFilter@1cbf6e72, org.springframework.security.web.access.intercept.FilterSecurityInterceptor@34997338]
2023-06-23 12:18:27,872 [main] INFO  [org.springframework.jmx.export.annotation.AnnotationMBeanExporter] - Registering beans for JMX exposure on startup
2023-06-23 12:18:27,875 [main] INFO  [org.springframework.jmx.export.annotation.AnnotationMBeanExporter] - Bean with name 'druidDataSource' has been autodetected for JMX exposure
2023-06-23 12:18:27,892 [main] INFO  [org.springframework.jmx.export.annotation.AnnotationMBeanExporter] - Located MBean 'druidDataSource': registering with JMX server as MBean [com.alibaba.druid.pool:name=druidDataSource,type=DruidDataSource]
2023-06-23 12:18:27,915 [main] INFO  [org.springframework.scheduling.annotation.ScheduledAnnotationBeanPostProcessor] - No TaskScheduler/ScheduledExecutorService bean found for scheduled processing
2023-06-23 12:18:27,929 [main] INFO  [org.apache.coyote.http11.Http11NioProtocol] - Starting ProtocolHandler ["http-nio-80"]
2023-06-23 12:18:27,977 [main] INFO  [org.apache.tomcat.util.net.NioSelectorPool] - Using a shared selector for servlet write/read
2023-06-23 12:18:28,009 [main] INFO  [org.springframework.boot.web.embedded.tomcat.TomcatWebServer] - Tomcat started on port(s): 80 (http) with context path ''
2023-06-23 12:18:28,014 [main] INFO  [com.zhy.MyBlogApplication] - Started MyBlogApplication in 7.465 seconds (JVM running for 8.896)
2023-06-23 12:18:42,809 [http-nio-80-exec-2] INFO  [org.apache.catalina.core.ContainerBase.[Tomcat].[localhost].[/]] - Initializing Spring FrameworkServlet 'dispatcherServlet'
2023-06-23 12:18:42,809 [http-nio-80-exec-2] INFO  [org.springframework.web.servlet.DispatcherServlet] - FrameworkServlet 'dispatcherServlet': initialization started
2023-06-23 12:18:42,839 [http-nio-80-exec-2] INFO  [org.springframework.web.servlet.DispatcherServlet] - FrameworkServlet 'dispatcherServlet': initialization completed in 28 ms
2023-06-23 12:18:45,688 [http-nio-80-exec-6] INFO  [io.lettuce.core.EpollProvider] - Starting without optional epoll library
2023-06-23 12:18:45,691 [http-nio-80-exec-6] INFO  [io.lettuce.core.KqueueProvider] - Starting without optional kqueue library
2023-06-23 12:18:45,849 [http-nio-80-exec-2] INFO  [com.alibaba.druid.pool.DruidDataSource] - {dataSource-1} inited
